<?xml version="1.0" encoding="UTF-8"?>
<!-- Generated by org.testng.reporters.JUnitXMLReporter -->
<testsuite ignored="0" hostname="DESKTOP-BOIP2TG" failures="0" tests="8" name="Default test" time="249.415" errors="0" timestamp="2023-09-11T16:21:20 IST">
  <testcase classname="org.zepth.TestScript.CommenandCenterLinkVerification" name="TC_1_PCCLinkVerification" time="23.343"/>
  <testcase classname="org.zepth.TestScript.CommenandCenterLinkVerification" name="TC_2_ScheduleLinkVerification" time="26.348"/>
  <testcase classname="org.zepth.TestScript.CommenandCenterLinkVerification" name="TC_3_InspectionLinkVerification" time="23.26"/>
  <testcase classname="org.zepth.TestScript.CommenandCenterLinkVerification" name="TC_4_SnaglistLinkVerification" time="25.328"/>
  <testcase classname="org.zepth.TestScript.CommenandCenterLinkVerification" name="TC_5_SafetyLinkVerification" time="26.716"/>
  <testcase classname="org.zepth.TestScript.CommenandCenterLinkVerification" name="TC_6_RiskManagementVerification" time="23.96"/>
  <testcase classname="org.zepth.TestScript.CommenandCenterLinkVerification" name="TC_7_SubmittalLinkVerification" time="23.43"/>
  <testcase classname="org.zepth.TestScript.CommenandCenterLinkVerification" name="TC_8_RFILinkVerification" time="25.672"/>
</testsuite> <!-- Default test -->
